[00:14:46.777] Cloning github.com/TheSuperSuperSigma/top10websites.lol (Branch: master, Commit: c847b80)
[00:14:47.057] Cloning completed: 280.000ms
[00:14:49.753] Restored build cache from previous deployment (Grp69n6wSH9FcGotiyNzb5YVLrPX)
[00:14:49.845] Running build in Washington, D.C., USA (East) – iad1
[00:14:50.262] Running "vercel build"
[00:14:50.656] Vercel CLI 41.6.0
[00:14:51.195] Installing dependencies...
[00:14:52.700] 
[00:14:52.701] up to date in 1s
[00:14:52.701] 
[00:14:52.701] 148 packages are looking for funding
[00:14:52.701]   run `npm fund` for details
[00:14:52.730] Detected Next.js version: 15.2.4
[00:14:52.735] Running "npm run build"
[00:14:52.848] 
[00:14:52.849] > top10websites.lol@0.1.0 build
[00:14:52.849] > next build
[00:14:52.849] 
[00:14:54.187]    ▲ Next.js 15.2.4
[00:14:54.188] 
[00:14:54.217]    Creating an optimized production build ...
[00:15:10.586]  ✓ Compiled successfully
[00:15:10.591]    Linting and checking validity of types ...
[00:15:15.145] 
[00:15:15.146] Failed to compile.
[00:15:15.146] 
[00:15:15.146] ./src/app/unskool/page.tsx
[00:15:15.146] 22:11  Error: Unexpected any. Specify a different type.  @typescript-eslint/no-explicit-any
[00:15:15.146] 
[00:15:15.146] info  - Need to disable some ESLint rules? Learn more here: https://nextjs.org/docs/app/api-reference/config/eslint#disabling-rules
[00:15:15.180] Error: Command "npm run build" exited with 1
[00:15:15.483] 