hot-reloader-client.ts:123 Console was cleared
client.ts:62 ./src/lib/authService.js:2:1
Export provider doesn't exist in target module
  1 | import { signInWithPopup, onAuthStateChanged, signOut } from "firebase/auth";
> 2 | import { auth, provider, db } from "./firebaseConfig";
    | ^^^^^^^^^^^^^^^^^^^^^^^^^^^^^^^^^^^^^^^^^^^^^^^^^^^^^^
  3 | import { doc, setDoc, serverTimestamp } from "firebase/firestore";
  4 |
  5 | // Google Authentication function

The export provider was not found in module [project]/src/lib/firebaseConfig.js [app-client] (ecmascript).
Did you mean to import storage?
All exports of the module are statically known (It doesn't have dynamic exports). So it's known statically that the requested export doesn't exist.
nextJsHandleConsoleError @ client.ts:62
handleErrors @ hot-reloader-client.ts:206
processMessage @ hot-reloader-client.ts:333
(anonymous) @ hot-reloader-client.ts:84
handleMessage @ websocket.ts:67
client.ts:62 ./src/lib/authService.js:2:1
Export provider doesn't exist in target module
  1 | import { signInWithPopup, onAuthStateChanged, signOut } from "firebase/auth";
> 2 | import { auth, provider, db } from "./firebaseConfig";
    | ^^^^^^^^^^^^^^^^^^^^^^^^^^^^^^^^^^^^^^^^^^^^^^^^^^^^^^
  3 | import { doc, setDoc, serverTimestamp } from "firebase/firestore";
  4 |
  5 | // Google Authentication function

The export provider was not found in module [project]/src/lib/firebaseConfig.js [app-ssr] (ecmascript).
Did you mean to import storage?
All exports of the module are statically known (It doesn't have dynamic exports). So it's known statically that the requested export doesn't exist.
nextJsHandleConsoleError @ client.ts:62
handleErrors @ hot-reloader-client.ts:206
processMessage @ hot-reloader-client.ts:333
(anonymous) @ hot-reloader-client.ts:84
handleMessage @ websocket.ts:67
